\BOOKMARK [0][]{chapter.1}{Introduction}{}% 1
\BOOKMARK [0][]{chapter.2}{Parkinson's Disease}{}% 2
\BOOKMARK [1][]{section.2.1}{Symptoms}{chapter.2}% 3
\BOOKMARK [1][]{section.2.2}{Speech Impairments}{chapter.2}% 4
\BOOKMARK [1][]{section.2.3}{Diagnosis}{chapter.2}% 5
\BOOKMARK [1][]{section.2.4}{Computational diagnosis}{chapter.2}% 6
\BOOKMARK [2][]{subsection.2.4.1}{Speech production tasks}{section.2.4}% 7
\BOOKMARK [2][]{subsection.2.4.2}{Feature selection}{section.2.4}% 8
\BOOKMARK [2][]{subsection.2.4.3}{Classification models}{section.2.4}% 9
\BOOKMARK [2][]{subsection.2.4.4}{Language independency}{section.2.4}% 10
\BOOKMARK [1][]{section.2.5}{Summary}{chapter.2}% 11
\BOOKMARK [0][]{chapter.3}{Explainability Models}{}% 12
\BOOKMARK [1][]{section.3.1}{Explanation}{chapter.3}% 13
\BOOKMARK [1][]{section.3.2}{Scope}{chapter.3}% 14
\BOOKMARK [2][]{subsection.3.2.1}{Local explanations' models}{section.3.2}% 15
\BOOKMARK [2][]{subsection.3.2.2}{Global explanations' models}{section.3.2}% 16
\BOOKMARK [2][]{subsection.3.2.3}{Mixed models}{section.3.2}% 17
\BOOKMARK [1][]{section.3.3}{pd diagnosis}{chapter.3}% 18
\BOOKMARK [1][]{section.3.4}{Summary}{chapter.3}% 19
\BOOKMARK [0][]{chapter.4}{Experimental Setup}{}% 20
\BOOKMARK [1][]{section.4.1}{Corpus Description}{chapter.4}% 21
\BOOKMARK [1][]{section.4.2}{Data Processing}{chapter.4}% 22
\BOOKMARK [1][]{section.4.3}{Feature Extraction}{chapter.4}% 23
\BOOKMARK [1][]{section.4.4}{Classification Experiments}{chapter.4}% 24
\BOOKMARK [1][]{section.4.5}{Explanation Generation}{chapter.4}% 25
\BOOKMARK [1][]{section.4.6}{Model Evaluation}{chapter.4}% 26
\BOOKMARK [1][]{section.4.7}{Summary}{chapter.4}% 27
\BOOKMARK [0][]{chapter.5}{Results and discussion}{}% 28
\BOOKMARK [1][]{section.5.1}{Classification Experiments}{chapter.5}% 29
\BOOKMARK [2][]{subsection.5.1.1}{Baseline experiments}{section.5.1}% 30
\BOOKMARK [2][]{subsection.5.1.2}{Semi-independent experiments}{section.5.1}% 31
\BOOKMARK [2][]{subsection.5.1.3}{Language-independent experiments}{section.5.1}% 32
\BOOKMARK [2][]{subsection.5.1.4}{Model optimization}{section.5.1}% 33
\BOOKMARK [1][]{section.5.2}{Language Independency}{chapter.5}% 34
\BOOKMARK [1][]{section.5.3}{Explainability}{chapter.5}% 35
\BOOKMARK [2][]{subsection.5.3.1}{Local Explanations}{section.5.3}% 36
\BOOKMARK [2][]{subsection.5.3.2}{Global Feature Contribution}{section.5.3}% 37
\BOOKMARK [1][]{section.5.4}{Summary}{chapter.5}% 38
\BOOKMARK [0][]{chapter.6}{Conclusions}{}% 39
\BOOKMARK [1][]{section.6.1}{Conclusions}{chapter.6}% 40
\BOOKMARK [1][]{section.6.2}{Future Work}{chapter.6}% 41
